<?xml version="1.0" encoding="UTF-8"?>
<testsuite xmlns:xsi="http://www.w3.org/2001/XMLSchema-instance" xsi:noNamespaceSchemaLocation="https://maven.apache.org/surefire/maven-surefire-plugin/xsd/surefire-test-report.xsd" name="uts.unit.CalculatorTest" time="0.008" tests="5" errors="0" skipped="0" failures="0">
  <properties>
[...]
</properties>
  <testcase name="testAdd" classname="uts.unit.CalculatorTest" time="0.004"/>
  <testcase name="testMul" classname="uts.unit.CalculatorTest" time="0"/>
  <testcase name="testPow" classname="uts.unit.CalculatorTest" time="0.001"/>
  <testcase name="testSub" classname="uts.unit.CalculatorTest" time="0"/>
  <testcase name="evaluatesExpression" classname="uts.unit.CalculatorTest" time="0"/>
</testsuite>